<?xml version="1.0" encoding="UTF-8"?>
<coverage generated="1659058614254" clover="3.2.0">
  <project timestamp="1659058614254" name="All files">
    <metrics statements="4" coveredstatements="3" conditionals="0" coveredconditionals="0" methods="1" coveredmethods="1" elements="5" coveredelements="4" complexity="0" loc="4" ncloc="4" packages="1" files="3" classes="3"/>
    <file name="App.tsx" path="/home/tyler/repos/fakebook/client/src/App.tsx">
      <metrics statements="3" coveredstatements="3" conditionals="0" coveredconditionals="0" methods="1" coveredmethods="1"/>
      <line num="3" count="1" type="stmt"/>
      <line num="4" count="1" type="stmt"/>
      <line num="5" count="1" type="stmt"/>
    </file>
    <file name="main.tsx" path="/home/tyler/repos/fakebook/client/src/main.tsx">
      <metrics statements="1" coveredstatements="0" conditionals="0" coveredconditionals="0" methods="0" coveredmethods="0"/>
      <line num="6" count="0" type="stmt"/>
    </file>
    <file name="vite-env.d.ts" path="/home/tyler/repos/fakebook/client/src/vite-env.d.ts">
      <metrics statements="0" coveredstatements="0" conditionals="0" coveredconditionals="0" methods="0" coveredmethods="0"/>
    </file>
  </project>
</coverage>
