{"/home/tyler/repos/fakebook/client/src/App.tsx": {"path":"/home/tyler/repos/fakebook/client/src/App.tsx","statementMap":{"0":{"start":{"line":3,"column":12},"end":{"line":10,"column":1}},"1":{"start":{"line":4,"column":18},"end":{"line":4,"column":27}},"2":{"start":{"line":5,"column":2},"end":{"line":9,"column":3}}},"fnMap":{"0":{"name":"(anonymous_0)","decl":{"start":{"line":3,"column":12},"end":{"line":3,"column":13}},"loc":{"start":{"line":3,"column":18},"end":{"line":10,"column":1}},"line":3}},"branchMap":{},"s":{"0":1,"1":1,"2":1},"f":{"0":1},"b":{},"_coverageSchema":"1a1c01bbd47fc00a2c39e90264f33305004495a9","hash":"412898e610b456d67744907b4b86d0fe9c3793ed"}
,"/home/tyler/repos/fakebook/client/src/main.tsx": {"path":"/home/tyler/repos/fakebook/client/src/main.tsx","statementMap":{"0":{"start":{"line":6,"column":0},"end":{"line":10,"column":1}}},"fnMap":{},"branchMap":{},"s":{"0":0},"f":{},"b":{}}
,"/home/tyler/repos/fakebook/client/src/vite-env.d.ts": {"path":"/home/tyler/repos/fakebook/client/src/vite-env.d.ts","statementMap":{},"fnMap":{},"branchMap":{},"s":{},"f":{},"b":{}}
}
